0 info it worked if it ends with ok
1 verbose cli [ '/usr/bin/node',
1 verbose cli   '/usr/bin/npm',
1 verbose cli   'install',
1 verbose cli   '-g',
1 verbose cli   'foundation-cli' ]
2 info using npm@1.4.28
3 info using node@v0.10.36
4 verbose node symlink /usr/bin/node
5 verbose cache add [ 'foundation-cli', null ]
6 verbose cache add name=undefined spec="foundation-cli" args=["foundation-cli",null]
7 verbose parsed url { protocol: null,
7 verbose parsed url   slashes: null,
7 verbose parsed url   auth: null,
7 verbose parsed url   host: null,
7 verbose parsed url   port: null,
7 verbose parsed url   hostname: null,
7 verbose parsed url   hash: null,
7 verbose parsed url   search: null,
7 verbose parsed url   query: null,
7 verbose parsed url   pathname: 'foundation-cli',
7 verbose parsed url   path: 'foundation-cli',
7 verbose parsed url   href: 'foundation-cli' }
8 silly lockFile ea390e6f-foundation-cli foundation-cli
9 verbose lock foundation-cli /home/ivan/.npm/ea390e6f-foundation-cli.lock
10 silly lockFile ea390e6f-foundation-cli foundation-cli
11 silly lockFile ea390e6f-foundation-cli foundation-cli
12 verbose addNamed [ 'foundation-cli', '' ]
13 verbose addNamed [ null, '*' ]
14 silly lockFile ea593da0-foundation-cli foundation-cli@
15 verbose lock foundation-cli@ /home/ivan/.npm/ea593da0-foundation-cli.lock
16 silly addNameRange { name: 'foundation-cli', range: '*', hasData: false }
17 verbose request where is /foundation-cli
18 verbose request registry https://registry.npmjs.org/
19 verbose request id a35686b24eaa3303
20 verbose url raw /foundation-cli
21 verbose url resolving [ 'https://registry.npmjs.org/', './foundation-cli' ]
22 verbose url resolved https://registry.npmjs.org/foundation-cli
23 verbose request where is https://registry.npmjs.org/foundation-cli
24 info trying registry request attempt 1 at 11:25:21
25 http GET https://registry.npmjs.org/foundation-cli
26 http 200 https://registry.npmjs.org/foundation-cli
27 silly registry.get cb [ 200,
27 silly registry.get   { date: 'Thu, 26 Feb 2015 10:25:22 GMT',
27 silly registry.get     server: 'CouchDB/1.5.0 (Erlang OTP/R16B03)',
27 silly registry.get     etag: '"6T9HUH0RCOSEUWOZ3OX5JJZLP"',
27 silly registry.get     'content-type': 'application/json',
27 silly registry.get     'cache-control': 'max-age=60',
27 silly registry.get     'content-length': '11069',
27 silly registry.get     'accept-ranges': 'bytes',
27 silly registry.get     via: '1.1 varnish',
27 silly registry.get     age: '0',
27 silly registry.get     'x-served-by': 'cache-ams4138-AMS',
27 silly registry.get     'x-cache': 'MISS',
27 silly registry.get     'x-cache-hits': '0',
27 silly registry.get     'x-timer': 'S1424946321.921564,VS0,VE364',
27 silly registry.get     vary: 'Accept',
27 silly registry.get     'keep-alive': 'timeout=10, max=50',
27 silly registry.get     connection: 'Keep-Alive' } ]
28 silly addNameRange number 2 { name: 'foundation-cli', range: '*', hasData: true }
29 silly addNameRange versions [ 'foundation-cli',
29 silly addNameRange   [ '0.1.0',
29 silly addNameRange     '0.2.0',
29 silly addNameRange     '1.0.0-rc.1',
29 silly addNameRange     '1.0.0',
29 silly addNameRange     '1.0.1',
29 silly addNameRange     '1.0.2',
29 silly addNameRange     '1.0.3',
29 silly addNameRange     '1.0.4' ] ]
30 verbose addNamed [ 'foundation-cli', '1.0.4' ]
31 verbose addNamed [ '1.0.4', '1.0.4' ]
32 silly lockFile bad98d80-foundation-cli-1-0-4 foundation-cli@1.0.4
33 verbose lock foundation-cli@1.0.4 /home/ivan/.npm/bad98d80-foundation-cli-1-0-4.lock
34 silly lockFile 8248c132-ion-cli-foundation-cli-1-0-4-tgz https://registry.npmjs.org/foundation-cli/-/foundation-cli-1.0.4.tgz
35 verbose lock https://registry.npmjs.org/foundation-cli/-/foundation-cli-1.0.4.tgz /home/ivan/.npm/8248c132-ion-cli-foundation-cli-1-0-4-tgz.lock
36 verbose addRemoteTarball [ 'https://registry.npmjs.org/foundation-cli/-/foundation-cli-1.0.4.tgz',
36 verbose addRemoteTarball   'ed0410e7e8b416248e3045546819afb315a75797' ]
37 info retry fetch attempt 1 at 11:25:22
38 verbose fetch to= /tmp/npm-6621-Uasvo-oB/registry.npmjs.org/foundation-cli/-/foundation-cli-1.0.4.tgz
39 http GET https://registry.npmjs.org/foundation-cli/-/foundation-cli-1.0.4.tgz
40 http 200 https://registry.npmjs.org/foundation-cli/-/foundation-cli-1.0.4.tgz
41 silly lockFile 8248c132-ion-cli-foundation-cli-1-0-4-tgz https://registry.npmjs.org/foundation-cli/-/foundation-cli-1.0.4.tgz
42 silly lockFile 8248c132-ion-cli-foundation-cli-1-0-4-tgz https://registry.npmjs.org/foundation-cli/-/foundation-cli-1.0.4.tgz
43 silly lockFile bad98d80-foundation-cli-1-0-4 foundation-cli@1.0.4
44 silly lockFile bad98d80-foundation-cli-1-0-4 foundation-cli@1.0.4
45 silly lockFile ea593da0-foundation-cli foundation-cli@
46 silly lockFile ea593da0-foundation-cli foundation-cli@
47 silly resolved [ { name: 'foundation-cli',
47 silly resolved     version: '1.0.4',
47 silly resolved     description: 'Command-line interface for Foundation for Apps.',
47 silly resolved     main: './bin/cli.js',
47 silly resolved     dependencies:
47 silly resolved      { bower: '^1.3.12',
47 silly resolved        colors: '^1.0.3',
47 silly resolved        exec: '^0.1.2',
47 silly resolved        'is-root': '^1.0.0',
47 silly resolved        nopt: '^3.0.1',
47 silly resolved        open: '0.0.5',
47 silly resolved        rimraf: '^2.2.8',
47 silly resolved        'single-line-log': '^0.4.1',
47 silly resolved        'string-length': '^1.0.0',
47 silly resolved        'update-notifier': '^0.2.2' },
47 silly resolved     scripts:
47 silly resolved      { postinstall: 'node lib/welcome.js',
47 silly resolved        test: './bin/cli.js new test' },
47 silly resolved     bin: { 'foundation-apps': './bin/cli.js' },
47 silly resolved     author: { name: 'ZURB' },
47 silly resolved     license: 'MIT',
47 silly resolved     gitHead: '40c60f90a57b4434d6cd2cc04fdb238436772597',
47 silly resolved     _id: 'foundation-cli@1.0.4',
47 silly resolved     _shasum: 'ed0410e7e8b416248e3045546819afb315a75797',
47 silly resolved     _from: 'foundation-cli@',
47 silly resolved     _npmVersion: '1.4.28',
47 silly resolved     _npmUser: { name: 'antjanus', email: 'antonin@antjanus.com' },
47 silly resolved     maintainers: [ [Object], [Object] ],
47 silly resolved     dist:
47 silly resolved      { shasum: 'ed0410e7e8b416248e3045546819afb315a75797',
47 silly resolved        tarball: 'http://registry.npmjs.org/foundation-cli/-/foundation-cli-1.0.4.tgz' },
47 silly resolved     directories: {},
47 silly resolved     _resolved: 'https://registry.npmjs.org/foundation-cli/-/foundation-cli-1.0.4.tgz' } ]
48 info install foundation-cli@1.0.4 into /usr/lib
49 info installOne foundation-cli@1.0.4
50 verbose lib/node_modules/foundation-cli unbuild
51 verbose tar unpack /home/ivan/.npm/foundation-cli/1.0.4/package.tgz
52 silly lockFile a8ae8ecf--lib-node-modules-foundation-cli tar:///usr/lib/node_modules/foundation-cli
53 verbose lock tar:///usr/lib/node_modules/foundation-cli /home/ivan/.npm/a8ae8ecf--lib-node-modules-foundation-cli.lock
54 silly lockFile b5687417-foundation-cli-1-0-4-package-tgz tar:///home/ivan/.npm/foundation-cli/1.0.4/package.tgz
55 verbose lock tar:///home/ivan/.npm/foundation-cli/1.0.4/package.tgz /home/ivan/.npm/b5687417-foundation-cli-1-0-4-package-tgz.lock
56 silly gunzTarPerm modes [ '775', '664' ]
57 error Error: EACCES, mkdir '/usr/lib/node_modules/foundation-cli'
57 error  { [Error: EACCES, mkdir '/usr/lib/node_modules/foundation-cli']
57 error   errno: 3,
57 error   code: 'EACCES',
57 error   path: '/usr/lib/node_modules/foundation-cli',
57 error   fstream_type: 'Directory',
57 error   fstream_path: '/usr/lib/node_modules/foundation-cli',
57 error   fstream_class: 'DirWriter',
57 error   fstream_stack:
57 error    [ '/usr/lib/node_modules/npm/node_modules/fstream/lib/dir-writer.js:36:23',
57 error      '/usr/lib/node_modules/npm/node_modules/mkdirp/index.js:46:53',
57 error      'Object.oncomplete (fs.js:108:15)' ] }
58 error Please try running this command again as root/Administrator.
59 error System Linux 3.13.0-45-generic
60 error command "/usr/bin/node" "/usr/bin/npm" "install" "-g" "foundation-cli"
61 error cwd /home/ivan/Documentos/ALTRAN/APIwAngularJS
62 error node -v v0.10.36
63 error npm -v 1.4.28
64 error path /usr/lib/node_modules/foundation-cli
65 error fstream_path /usr/lib/node_modules/foundation-cli
66 error fstream_type Directory
67 error fstream_class DirWriter
68 error code EACCES
69 error errno 3
70 error stack Error: EACCES, mkdir '/usr/lib/node_modules/foundation-cli'
71 error fstream_stack /usr/lib/node_modules/npm/node_modules/fstream/lib/dir-writer.js:36:23
71 error fstream_stack /usr/lib/node_modules/npm/node_modules/mkdirp/index.js:46:53
71 error fstream_stack Object.oncomplete (fs.js:108:15)
72 verbose exit [ 3, true ]
